Builds
Package Build #39
Failed
Rerun build
Running with gitlab-runner 18.2.0 (c24769e8)
  on Ionic Package Android Runner 8edcfcad2, system ID: r_grBV51LLoFR2
  feature flags: FF_USE_POD_ACTIVE_DEADLINE_SECONDS:false
Preparing the "kubernetes" executor
Using Kubernetes namespace: ionic-runners
Using Kubernetes executor with image 319312831725.dkr.ecr.us-west-2.amazonaws.com/appflow-runners/linux:2025.06 ...
Using attach strategy to execute scripts...
Using effective pull policy of [Always] for container build
Using effective pull policy of [Always] for container helper
Using effective pull policy of [Always] for container init-permissions
Using effective pull policy of [Always] for container metrics
Preparing environment
Waiting for pod ionic-runners/runner-8edcfcad2-project-0-concurrent-3-eodqi209 to be running, status is Pending
Running on runner-8edcfcad2-project-0-concurrent-3-eodqi209 via gitlab-runner-7dffd7b966-798h4...

Getting source from Git repository
Gitaly correlation ID: 
Fetching changes...
Initialized empty Git repository in /builds/PunisaRaicevic/HGBROdrzavanje5/.git/
Created fresh repository.
Checking out 9feb5658 as detached HEAD (ref is main)...

Updating/initializing submodules...
Updated submodules

Executing "step_script" stage of the job script
$ pre-build
[23:10:10]: Building project....
$ run "fetch-updates"
Checking for build process updates...
$ run "build-android"
[23:10:13]: ---------------------------------
[23:10:13]: --- Step: add_extra_platforms ---
[23:10:13]: ---------------------------------
[23:10:13]: Setting '[:web]' as extra SupportedPlatforms
/builds/PunisaRaicevic/HGBROdrzavanje5/fastlane/outsystems/errors/detectors/pdm_plugins.rb:8: warning: character class has '-' without escape
/builds/PunisaRaicevic/HGBROdrzavanje5/fastlane/outsystems/errors/detectors/pdm_plugins.rb:15: warning: character class has '-' without escape
[23:10:13]: ------------------------------
[23:10:13]: --- Step: default_platform ---
[23:10:13]: ------------------------------
[23:10:13]: Driving the lane 'android build_capacitor' ðŸš€
[23:10:13]: ---------------------------------
[23:10:13]: --- Step: prepare_environment ---
[23:10:13]: ---------------------------------
[23:10:13]: Setting default environment variables to tidy up logs. These can be overridden by setting them in Appflow.
[23:10:13]: 
[23:10:13]: Set COREPACK_ENABLE_AUTO_PIN=0 (Suppress yarn warnings)
[23:10:13]: -------------------------
[23:10:13]: --- Step: sentry_init ---
[23:10:13]: -------------------------
[23:10:13]: ----------------------------
[23:10:13]: --- Step: begin_building ---
[23:10:13]: ----------------------------
[23:10:13]: Began building @ 2025-11-18T23:10:13
[23:10:13]: ---------------------------
[23:10:13]: --- Step: build_summary ---
[23:10:13]: ---------------------------

+---------------------------------------------------+
|                   Build Summary                   |
+---------------------+-----------------------------+
| Runners Revision    | Latest                      |
| Job ID              | 10576807                    |
| Node.js version     | v20.19.3                    |
| Cordova CLI version | 12.0.0 (cordova-lib@12.0.2) |
| npm version         | 10.8.2                      |
| yarn version        | 1.22.22                     |
+---------------------+-----------------------------+

[23:10:14]: No build credential specified
[23:10:14]: ---------------------------
[23:10:14]: --- Step: set_ionic_cli ---
[23:10:14]: ---------------------------
[23:10:15]: Preinstalled @ionic/cli compatible with project `react`
[23:10:15]: ------------------------------------
[23:10:15]: --- Step: detect_package_manager ---
[23:10:15]: ------------------------------------
[23:10:15]: Detecting package manager
[23:10:15]: Defaulting to npm
[23:10:15]: ---------------------------------
[23:10:15]: --- Step: add_git_credentials ---
[23:10:15]: ---------------------------------
[23:10:15]: Writing git-credentials files
[23:10:15]: git-credentials successfully added to project
[23:10:15]: --------------------------------
[23:10:15]: --- Step: get_appflow_config ---
[23:10:15]: --------------------------------
[23:10:15]: Checking for appflow.config.json
[23:10:15]: Appflow config not detected
[23:10:15]: --------------------------------
[23:10:15]: --- Step: dependency_install ---
[23:10:15]: --------------------------------
[23:10:15]: Installing Dependencies (in /builds/PunisaRaicevic/HGBROdrzavanje5)
[23:10:15]: $ npm ci --quiet 
[23:10:18]: â–¸ npm warn deprecated inflight@1.0.6: This module is not supported, and leaks memory. Do not use it. Check out lru-cache if you want a good and tested way to coalesce async requests by a key value, which is much more comprehensive and powerful.
[23:10:18]: â–¸ npm warn deprecated rimraf@3.0.2: Rimraf versions prior to v4 are no longer supported
[23:10:18]: â–¸ npm warn deprecated glob@7.2.3: Glob versions prior to v9 are no longer supported
[23:10:19]: â–¸ npm warn deprecated q@1.5.1: You or someone you depend on is using Q, the JavaScript Promise library that gave JavaScript developers strong feelings about promises. They can almost certainly migrate to the native JavaScript promise now. Thank you literally everyone for joining me in this bet against the odds. Be excellent to each other.
[23:10:19]: â–¸ npm warn deprecated
[23:10:19]: â–¸ npm warn deprecated (For a CapTP with native promises, see @endo/eventual-send and @endo/captp)
[23:10:23]: â–¸ npm warn deprecated @esbuild-kit/esm-loader@2.6.5: Merged into tsx: https://tsx.is
[23:10:23]: â–¸ npm warn deprecated @esbuild-kit/core-utils@3.3.2: Merged into tsx: https://tsx.is
[23:10:24]: â–¸ npm warn deprecated @xmldom/xmldom@0.7.13: this version is no longer supported, please update to at least 0.8.*
[23:10:24]: â–¸ npm warn deprecated @xmldom/xmldom@0.7.13: this version is no longer supported, please update to at least 0.8.*
[23:10:35]: â–¸ added 972 packages, and audited 973 packages in 19s
[23:10:35]: â–¸ 114 packages are looking for funding
[23:10:35]: â–¸ run `npm fund` for details
[23:10:35]: â–¸ 9 vulnerabilities (3 low, 5 moderate, 1 high)
[23:10:35]: â–¸ To address issues that do not require attention, run:
[23:10:35]: â–¸ npm audit fix
[23:10:35]: â–¸ To address all issues (including breaking changes), run:
[23:10:35]: â–¸ npm audit fix --force
[23:10:35]: â–¸ Run `npm audit` for details.
[23:10:35]: -------------------------------------
[23:10:35]: --- Step: create_capacitor_config ---
[23:10:35]: -------------------------------------
[23:10:35]: Created capacitor.config.json from capacitor.config.ts/js
[23:10:35]: -------------------------
[23:10:35]: --- Step: get_web_dir ---
[23:10:35]: -------------------------
[23:10:35]: webDir is `dist/public`
[23:10:35]: -----------------------------------
[23:10:35]: --- Step: modify_cap_web_config ---
[23:10:35]: -----------------------------------
[23:10:35]: No custom native config detected.
[23:10:35]: ---------------------------
[23:10:35]: --- Step: set_java_home ---
[23:10:35]: ---------------------------
[23:10:35]: Try to detect the android gradle plugin version
[23:10:36]: Project Android Gradle Plug-in version is 8.7.2: set Java to 21
[23:10:36]: ---------------------------
[23:10:36]: --- Step: build_pro_app ---
[23:10:36]: ---------------------------
[23:10:36]: Building app from /builds/PunisaRaicevic/HGBROdrzavanje5
[23:10:36]: Build script detected...
[23:10:36]: $ npm run build
[23:10:36]: â–¸ > rest-express@1.0.0 build
[23:10:36]: â–¸ > vite build
[23:10:36]: â–¸ vite v5.4.20 building for production...
[23:10:36]: â–¸ transforming...
[23:10:36]: â–¸ Browserslist: browsers data (caniuse-lite) is 13 months old. Please run:
[23:10:36]: â–¸ npx update-browserslist-db@latest
[23:10:36]: â–¸ Why you should do it regularly: https://github.com/browserslist/update-db#readme
[23:10:38]: â–¸ A PostCSS plugin did not pass the `from` option to `postcss.parse`. This may cause imported assets to be incorrectly transformed. If you've recently added a PostCSS plugin that raised this warning, please contact the package author to fix the issue.
[23:10:44]: â–¸ âœ“ 2833 modules transformed.
[23:10:44]: â–¸ rendering chunks...
[23:10:45]: â–¸ [plugin:vite:reporter] [plugin vite:reporter]
[23:10:45]: â–¸ (!) /builds/PunisaRaicevic/HGBROdrzavanje5/node_modules/@capacitor/local-notifications/dist/esm/index.js is dynamically imported by /builds/PunisaRaicevic/HGBROdrzavanje5/client/src/pages/WorkerDashboard.tsx but also statically imported by /builds/PunisaRaicevic/HGBROdrzavanje5/client/src/services/capacitorNotifications.ts, dynamic import will not move module into another chunk.
[23:10:45]: â–¸ 
[23:10:45]: â–¸ computing gzip size...
[23:10:45]: â–¸ ../dist/public/index.html                                                                 1.16 kB â”‚ gzip:   0.58 kB
[23:10:45]: â–¸ ../dist/public/assets/budvanska-color-centralno-transparent_1762428184467-Dw53VPqV.png   12.31 kB
[23:10:45]: â–¸ ../dist/public/assets/index-BBjwxVJW.css                                                121.15 kB â”‚ gzip:  19.28 kB
[23:10:45]: â–¸ ../dist/public/assets/status-tap-BGhhejut.js                                              0.51 kB â”‚ gzip:   0.36 kB
[23:10:45]: â–¸ ../dist/public/assets/index8-B2EWkP5f.js                                                  0.53 kB â”‚ gzip:   0.36 kB
[23:10:45]: â–¸ ../dist/public/assets/web-D7GaQ5MA.js                                                     0.94 kB â”‚ gzip:   0.47 kB
[23:10:45]: â–¸ ../dist/public/assets/focus-visible-supuXXMI.js                                           0.99 kB â”‚ gzip:   0.51 kB
[23:10:45]: â–¸ ../dist/public/assets/md.transition-D0vXPqVS.js                                           1.03 kB â”‚ gzip:   0.57 kB
[23:10:45]: â–¸ ../dist/public/assets/keyboard-CffoKLIy.js                                                1.28 kB â”‚ gzip:   0.66 kB
[23:10:45]: â–¸ ../dist/public/assets/index7-B2Xea7Os.js                                                  1.63 kB â”‚ gzip:   0.84 kB
[23:10:45]: â–¸ ../dist/public/assets/web-BlodJid4.js                                                     3.44 kB â”‚ gzip:   1.09 kB
[23:10:45]: â–¸ ../dist/public/assets/input-shims-CIzcQPcl.js                                             5.00 kB â”‚ gzip:   2.15 kB
[23:10:45]: â–¸ ../dist/public/assets/swipe-back-_DWSaNbO.js                                              6.81 kB â”‚ gzip:   2.74 kB
[23:10:45]: â–¸ ../dist/public/assets/ios.transition-BnDHnQZ4.js                                         10.56 kB â”‚ gzip:   3.09 kB
[23:10:45]: â–¸ ../dist/public/assets/index-CNlOK_pG.js                                                 900.94 kB â”‚ gzip: 264.39 kB
[23:10:45]: â–¸ 
[23:10:45]: â–¸ (!) Some chunks are larger than 500 kB after minification. Consider:
[23:10:45]: â–¸ - Using dynamic import() to code-split the application
[23:10:45]: â–¸ - Use build.rollupOptions.output.manualChunks to improve chunking: https://rollupjs.org/configuration-options/#output-manualchunks
[23:10:45]: â–¸ - Adjust chunk size limit for this warning via build.chunkSizeWarningLimit.
[23:10:45]: â–¸ âœ“ built in 8.54s
[23:10:45]: $ ionic info
[23:10:46]: â–¸ [WARN] Error loading @capacitor/ios package.json: Error: Cannot find module '@capacitor/ios/package.json'
[23:10:46]: â–¸ Require stack:
[23:10:46]: â–¸ - /usr/local/nvm/versions/node/v20.19.3/lib/node_modules/@ionic/cli/lib/project/index.js
[23:10:46]: â–¸ - /usr/local/nvm/versions/node/v20.19.3/lib/node_modules/@ionic/cli/lib/index.js
[23:10:46]: â–¸ - /usr/local/nvm/versions/node/v20.19.3/lib/node_modules/@ionic/cli/index.js
[23:10:46]: â–¸ - /usr/local/nvm/versions/node/v20.19.3/lib/node_modules/@ionic/cli/bin/ionic
[23:10:46]: â–¸ Ionic:
[23:10:46]: â–¸ Ionic CLI       : 7.2.1 (/usr/local/nvm/versions/node/v20.19.3/lib/node_modules/@ionic/cli)
[23:10:46]: â–¸ Ionic Framework : @ionic/react 8.7.9
[23:10:46]: â–¸ Capacitor:
[23:10:46]: â–¸ Capacitor CLI      : 7.4.4
[23:10:46]: â–¸ @capacitor/android : 7.4.4
[23:10:46]: â–¸ @capacitor/core    : 7.4.4
[23:10:46]: â–¸ @capacitor/ios     : not installed
[23:10:46]: â–¸ Utility:
[23:10:46]: â–¸ cordova-res : not installed globally
[23:10:46]: â–¸ native-run  : 2.0.1
[23:10:46]: â–¸ System:
[23:10:46]: â–¸ NodeJS : v20.19.3 (/usr/local/nvm/versions/node/v20.19.3/bin/node)
[23:10:46]: â–¸ npm    : 10.8.2
[23:10:46]: â–¸ OS     : Linux 5.10
[23:10:46]: Generating app manifest...
[23:10:46]: ----------------------
[23:10:46]: --- Step: cap_sync ---
[23:10:46]: ----------------------
[23:10:47]: $ npx cap sync android
[23:10:48]: â–¸ âœ” Copying web assets from public to android/app/src/main/assets/public in 8.81ms
[23:10:48]: â–¸ âœ” Creating capacitor.config.json in android/app/src/main/assets in 1.12ms
[23:10:48]: â–¸ âœ” copy android in 96.13ms
[23:10:49]: â–¸ âœ” Updating Android plugins in 21.68ms
[23:10:49]: â–¸ [info] Found 5 Capacitor plugins for android:
[23:10:49]: â–¸ @capacitor/app@7.1.0
[23:10:49]: â–¸ @capacitor/camera@7.0.2
[23:10:49]: â–¸ @capacitor/haptics@7.0.2
[23:10:49]: â–¸ @capacitor/local-notifications@7.0.3
[23:10:49]: â–¸ @capacitor/push-notifications@7.0.3
[23:10:49]: â–¸ âœ” update android in 138.02ms
[23:10:49]: â–¸ [info] Sync finished in 0.399s
[23:10:49]: -------------------------------
[23:10:49]: --- Step: cap_custom_deploy ---
[23:10:49]: -------------------------------
[23:10:49]: No custom native config detected.
[23:10:49]: ----------------------------------
[23:10:49]: --- Step: modify_gradle_config ---
[23:10:49]: ----------------------------------
[23:10:49]: No custom native config found... skipping
[23:10:49]: Building android (in /builds/PunisaRaicevic/HGBROdrzavanje5/android)...
[23:10:49]: -------------------------
[23:10:49]: --- Step: bundledebug ---
[23:10:49]: -------------------------
[23:10:49]: â–¸ Downloading https://services.gradle.org/distributions/gradle-8.11.1-all.zip
[23:10:51]: â–¸ .....................10%......................20%......................30%......................40%......................50%......................60%......................70%......................80%......................90%......................100%
[23:10:55]: â–¸ Welcome to Gradle 8.11.1!
[23:10:55]: â–¸ Here are the highlights of this release:
[23:10:55]: â–¸ - Parallel load and store for Configuration Cache
[23:10:55]: â–¸ - Java compilation errors at the end of the build output
[23:10:55]: â–¸ - Consolidated report for warnings and deprecations
[23:10:55]: â–¸ For more details see https://docs.gradle.org/8.11.1/release-notes.html
[23:10:55]: â–¸ Starting a Gradle Daemon (subsequent builds will be faster)
[23:11:42]: â–¸ > Configure project :app
[23:11:42]: â–¸ WARNING: Using flatDir should be avoided because it doesn't support any meta-data formats.
[23:11:47]: â–¸ > Configure project :capacitor-cordova-android-plugins
[23:11:47]: â–¸ WARNING: Using flatDir should be avoided because it doesn't support any meta-data formats.
[23:11:52]: â–¸ > Task :app:preBuild UP-TO-DATE
[23:11:52]: â–¸ > Task :app:preDebugBuild UP-TO-DATE
[23:11:52]: â–¸ > Task :app:generateDebugResValues
[23:11:52]: â–¸ > Task :app:processDebugGoogleServices
[23:11:52]: â–¸ > Task :capacitor-android:preBuild UP-TO-DATE
[23:11:52]: â–¸ > Task :capacitor-android:preDebugBuild UP-TO-DATE
[23:11:52]: â–¸ > Task :capacitor-android:generateDebugResValues
[23:11:52]: â–¸ > Task :capacitor-android:generateDebugResources
[23:11:52]: â–¸ > Task :capacitor-android:packageDebugResources
[23:11:52]: â–¸ > Task :capacitor-app:preBuild UP-TO-DATE
[23:11:52]: â–¸ > Task :capacitor-app:preDebugBuild UP-TO-DATE
[23:11:52]: â–¸ > Task :capacitor-app:generateDebugResValues
[23:11:52]: â–¸ > Task :capacitor-app:generateDebugResources
[23:11:52]: â–¸ > Task :capacitor-app:packageDebugResources
[23:11:52]: â–¸ > Task :capacitor-camera:preBuild UP-TO-DATE
[23:11:52]: â–¸ > Task :capacitor-camera:preDebugBuild UP-TO-DATE
[23:11:52]: â–¸ > Task :capacitor-camera:generateDebugResValues
[23:11:52]: â–¸ > Task :capacitor-camera:generateDebugResources
[23:11:52]: â–¸ > Task :capacitor-camera:packageDebugResources
[23:11:52]: â–¸ > Task :capacitor-cordova-android-plugins:preBuild UP-TO-DATE
[23:11:52]: â–¸ > Task :capacitor-cordova-android-plugins:preDebugBuild UP-TO-DATE
[23:11:52]: â–¸ > Task :capacitor-cordova-android-plugins:generateDebugResValues
[23:11:52]: â–¸ > Task :capacitor-cordova-android-plugins:generateDebugResources
[23:11:52]: â–¸ > Task :capacitor-cordova-android-plugins:packageDebugResources
[23:11:52]: â–¸ > Task :capacitor-haptics:preBuild UP-TO-DATE
[23:11:52]: â–¸ > Task :capacitor-haptics:preDebugBuild UP-TO-DATE
[23:11:52]: â–¸ > Task :capacitor-haptics:generateDebugResValues
[23:11:52]: â–¸ > Task :capacitor-haptics:generateDebugResources
[23:11:52]: â–¸ > Task :capacitor-haptics:packageDebugResources
[23:11:52]: â–¸ > Task :capacitor-local-notifications:preBuild UP-TO-DATE
[23:11:52]: â–¸ > Task :capacitor-local-notifications:preDebugBuild UP-TO-DATE
[23:11:52]: â–¸ > Task :capacitor-local-notifications:generateDebugResValues
[23:11:52]: â–¸ > Task :capacitor-local-notifications:generateDebugResources
[23:11:52]: â–¸ > Task :capacitor-local-notifications:packageDebugResources
[23:11:52]: â–¸ > Task :capacitor-push-notifications:preBuild UP-TO-DATE
[23:11:52]: â–¸ > Task :capacitor-push-notifications:preDebugBuild UP-TO-DATE
[23:11:52]: â–¸ > Task :capacitor-push-notifications:generateDebugResValues
[23:11:52]: â–¸ > Task :capacitor-push-notifications:generateDebugResources
[23:11:52]: â–¸ > Task :capacitor-push-notifications:packageDebugResources
[23:12:22]: â–¸ > Task :app:mapDebugSourceSetPaths
[23:12:34]: â–¸ > Task :app:generateDebugResources
[23:12:35]: â–¸ > Task :app:mergeDebugResources FAILED
[23:12:35]: â–¸ ERROR: /builds/PunisaRaicevic/HGBROdrzavanje5/android/app/src/main/res/raw/mixkit-happy-bells-notification-937.wav: Resource and asset merger: '-' is not a valid file-based resource name character: File-based resource names must contain only lowercase a-z, 0-9, or underscore
[23:12:35]: â–¸ FAILURE: Build failed with an exception.
[23:12:35]: â–¸ * What went wrong:
[23:12:35]: â–¸ Execution failed for task ':app:mergeDebugResources'.
[23:12:35]: â–¸ > /builds/PunisaRaicevic/HGBROdrzavanje5/android/app/src/main/res/raw/mixkit-happy-bells-notification-937.wav: Error: '-' is not a valid file-based resource name character: File-based resource names must contain only lowercase a-z, 0-9, or underscore
[23:12:35]: â–¸ * Try:
[23:12:35]: â–¸ > Run with --stacktrace option to get the stack trace.
[23:12:35]: â–¸ > Run with --info or --debug option to get more log output.
[23:12:35]: â–¸ > Run with --scan to get full insights.
[23:12:35]: â–¸ > Get more help at https://help.gradle.org.
[23:12:35]: â–¸ BUILD FAILED in 1m 45s
[23:12:35]: â–¸ 26 actionable tasks: 26 executed
[23:12:35]: -------------------------
[23:12:35]: --- Step: upload_logs ---
[23:12:35]: -------------------------
[23:12:39]: --------------------------------------
[23:12:39]: --- Step: sentry_capture_exception ---
[23:12:39]: --------------------------------------
+-------------------------------------------------------------------+
|                           Lane Context                            |
+----------------------+--------------------------------------------+
| DEFAULT_PLATFORM     | ios                                        |
| PLATFORM_NAME        | android                                    |
| LANE_NAME            | android build_capacitor                    |
| IONIC_CLI_VERSION    | 7.2.1                                      |
| NODE_PACKAGE_MANAGER | npm                                        |
| CAP_IOS_PATH         | /builds/PunisaRaicevic/HGBROdrzavanje5/ios |
| PROJECT_WEB_DIR      | dist/public                                |
| GRADLE_BUILD_TYPE    | debug                                      |
+----------------------+--------------------------------------------+
[23:12:39]: Shell command exited with exit status 1 instead of 0.
Downloading https://services.gradle.org/distributions/gradle-8.11.1-all.zip
.....................10%......................20%......................30%......................40%......................50%......................60%......................70%......................80%......................90%......................100%

Welcome to Gradle 8.11.1!

Here are the highlights of this release:
 - Parallel load and store for Configuration Cache
 - Java compilation errors at the end of the build output
 - Consolidated report for warnings and deprecations

For more details see https://docs.gradle.org/8.11.1/release-notes.html

Starting a Gradle Daemon (subsequent builds will be faster)

> Configure project :app
WARNING: Using flatDir should be avoided because it doesn't support any meta-data formats.

> Configure project :capacitor-cordova-android-plugins
WARNING: Using flatDir should be avoided because it doesn't support any meta-data formats.

> Task :app:preBuild UP-TO-DATE
> Task :app:preDebugBuild UP-TO-DATE
> Task :app:generateDebugResValues
> Task :app:processDebugGoogleServices
> Task :capacitor-android:preBuild UP-TO-DATE
> Task :capacitor-android:preDebugBuild UP-TO-DATE
> Task :capacitor-android:generateDebugResValues
> Task :capacitor-android:generateDebugResources
> Task :capacitor-android:packageDebugResources
> Task :capacitor-app:preBuild UP-TO-DATE
> Task :capacitor-app:preDebugBuild UP-TO-DATE
> Task :capacitor-app:generateDebugResValues
> Task :capacitor-app:generateDebugResources
> Task :capacitor-app:packageDebugResources
> Task :capacitor-camera:preBuild UP-TO-DATE
> Task :capacitor-camera:preDebugBuild UP-TO-DATE
> Task :capacitor-camera:generateDebugResValues
> Task :capacitor-camera:generateDebugResources
> Task :capacitor-camera:packageDebugResources
> Task :capacitor-cordova-android-plugins:preBuild UP-TO-DATE
> Task :capacitor-cordova-android-plugins:preDebugBuild UP-TO-DATE
> Task :capacitor-cordova-android-plugins:generateDebugResValues
> Task :capacitor-cordova-android-plugins:generateDebugResources
> Task :capacitor-cordova-android-plugins:packageDebugResources
> Task :capacitor-haptics:preBuild UP-TO-DATE
> Task :capacitor-haptics:preDebugBuild UP-TO-DATE
> Task :capacitor-haptics:generateDebugResValues
> Task :capacitor-haptics:generateDebugResources
> Task :capacitor-haptics:packageDebugResources
> Task :capacitor-local-notifications:preBuild UP-TO-DATE
> Task :capacitor-local-notifications:preDebugBuild UP-TO-DATE
> Task :capacitor-local-notifications:generateDebugResValues
> Task :capacitor-local-notifications:generateDebugResources
> Task :capacitor-local-notifications:packageDebugResources
> Task :capacitor-push-notifications:preBuild UP-TO-DATE
> Task :capacitor-push-notifications:preDebugBuild UP-TO-DATE
> Task :capacitor-push-notifications:generateDebugResValues
> Task :capacitor-push-notifications:generateDebugResources
> Task :capacitor-push-notifications:packageDebugResources
> Task :app:mapDebugSourceSetPaths
> Task :app:generateDebugResources

> Task :app:mergeDebugResources FAILED
ERROR: /builds/PunisaRaicevic/HGBROdrzavanje5/android/app/src/main/res/raw/mixkit-happy-bells-notification-937.wav: Resource and asset merger: '-' is not a valid file-based resource name character: File-based resource names must contain only lowercase a-z, 0-9, or underscore

FAILURE: Build failed with an exception.

* What went wrong:
Execution failed for task ':app:mergeDebugResources'.
> /builds/PunisaRaicevic/HGBROdrzavanje5/android/app/src/main/res/raw/mixkit-happy-bells-notification-937.wav: Error: '-' is not a valid file-based resource name character: File-based resource names must contain only lowercase a-z, 0-9, or underscore

* Try:
> Run with --stacktrace option to get the stack trace.
> Run with --info or --debug option to get more log output.
> Run with --scan to get full insights.
> Get more help at https://help.gradle.org.

BUILD FAILED in 1m 45s
26 actionable tasks: 26 executed


+-----------------------------------------------+
|               fastlane summary                |
+------+--------------------------+-------------+
| Step | Action                   | Time (in s) |
+------+--------------------------+-------------+
| 1    | add_extra_platforms      | 0           |
| 2    | default_platform         | 0           |
| 3    | prepare_environment      | 0           |
| 4    | sentry_init              | 0           |
| 5    | begin_building           | 0           |
| 6    | build_summary            | 1           |
| 7    | set_ionic_cli            | 1           |
| 8    | detect_package_manager   | 0           |
| 9    | add_git_credentials      | 0           |
| 10   | get_appflow_config       | 0           |
| 11   | dependency_install       | 19          |
| 12   | create_capacitor_config  | 0           |
| 13   | get_web_dir              | 0           |
| 14   | modify_cap_web_config    | 0           |
| 15   | set_java_home            | 0           |
| 16   | build_pro_app            | 10          |
| 17   | cap_sync                 | 2           |
| 18   | cap_custom_deploy        | 0           |
| 19   | modify_gradle_config     | 0           |
| ðŸ’¥   | bundledebug              | 106         |
| 21   | upload_logs              | 4           |
| 22   | sentry_capture_exception | 0           |
+------+--------------------------+-------------+

[23:12:39]: fastlane finished with errors
/usr/local/bundle/bin/fastlane: [!] Shell command exited with exit status 1 instead of 0. (FastlaneCore::Interface::FastlaneShellError)
Downloading https://services.gradle.org/distributions/gradle-8.11.1-all.zip
.....................10%......................20%......................30%......................40%......................50%......................60%......................70%......................80%......................90%......................100%

Welcome to Gradle 8.11.1!

Here are the highlights of this release:
 - Parallel load and store for Configuration Cache
 - Java compilation errors at the end of the build output
 - Consolidated report for warnings and deprecations

For more details see https://docs.gradle.org/8.11.1/release-notes.html

Starting a Gradle Daemon (subsequent builds will be faster)

> Configure project :app
WARNING: Using flatDir should be avoided because it doesn't support any meta-data formats.

> Configure project :capacitor-cordova-android-plugins
WARNING: Using flatDir should be avoided because it doesn't support any meta-data formats.

> Task :app:preBuild UP-TO-DATE
> Task :app:preDebugBuild UP-TO-DATE
> Task :app:generateDebugResValues
> Task :app:processDebugGoogleServices
> Task :capacitor-android:preBuild UP-TO-DATE
> Task :capacitor-android:preDebugBuild UP-TO-DATE
> Task :capacitor-android:generateDebugResValues
> Task :capacitor-android:generateDebugResources
> Task :capacitor-android:packageDebugResources
> Task :capacitor-app:preBuild UP-TO-DATE
> Task :capacitor-app:preDebugBuild UP-TO-DATE
> Task :capacitor-app:generateDebugResValues
> Task :capacitor-app:generateDebugResources
> Task :capacitor-app:packageDebugResources
> Task :capacitor-camera:preBuild UP-TO-DATE
> Task :capacitor-camera:preDebugBuild UP-TO-DATE
> Task :capacitor-camera:generateDebugResValues
> Task :capacitor-camera:generateDebugResources
> Task :capacitor-camera:packageDebugResources
> Task :capacitor-cordova-android-plugins:preBuild UP-TO-DATE
> Task :capacitor-cordova-android-plugins:preDebugBuild UP-TO-DATE
> Task :capacitor-cordova-android-plugins:generateDebugResValues
> Task :capacitor-cordova-android-plugins:generateDebugResources
> Task :capacitor-cordova-android-plugins:packageDebugResources
> Task :capacitor-haptics:preBuild UP-TO-DATE
> Task :capacitor-haptics:preDebugBuild UP-TO-DATE
> Task :capacitor-haptics:generateDebugResValues
> Task :capacitor-haptics:generateDebugResources
> Task :capacitor-haptics:packageDebugResources
> Task :capacitor-local-notifications:preBuild UP-TO-DATE
> Task :capacitor-local-notifications:preDebugBuild UP-TO-DATE
> Task :capacitor-local-notifications:generateDebugResValues
> Task :capacitor-local-notifications:generateDebugResources
> Task :capacitor-local-notifications:packageDebugResources
> Task :capacitor-push-notifications:preBuild UP-TO-DATE
> Task :capacitor-push-notifications:preDebugBuild UP-TO-DATE
> Task :capacitor-push-notifications:generateDebugResValues
> Task :capacitor-push-notifications:generateDebugResources
> Task :capacitor-push-notifications:packageDebugResources
> Task :app:mapDebugSourceSetPaths
> Task :app:generateDebugResources

> Task :app:mergeDebugResources FAILED
ERROR: /builds/PunisaRaicevic/HGBROdrzavanje5/android/app/src/main/res/raw/mixkit-happy-bells-notification-937.wav: Resource and asset merger: '-' is not a valid file-based resource name character: File-based resource names must contain only lowercase a-z, 0-9, or underscore

FAILURE: Build failed with an exception.

* What went wrong:
Execution failed for task ':app:mergeDebugResources'.
> /builds/PunisaRaicevic/HGBROdrzavanje5/android/app/src/main/res/raw/mixkit-happy-bells-notification-937.wav: Error: '-' is not a valid file-based resource name character: File-based resource names must contain only lowercase a-z, 0-9, or underscore

* Try:
> Run with --stacktrace option to get the stack trace.
> Run with --info or --debug option to get more log output.
> Run with --scan to get full insights.
> Get more help at https://help.gradle.org.

BUILD FAILED in 1m 45s
26 actionable tasks: 26 executed


Running after_script
Running after script...
$ run "clean-up"

Cleaning up project directory and file based variables

ERROR: Job failed: command terminated with exit code 1